  ConsoleApplication1.cpp
c:\workspace_gp2\hae_gp2\cour 0\consoleapplication1\consoleapplication1\consoleapplication1.cpp(133): warning C4244: 'argument' : conversion de 'int' en 'const T', perte possible de données
          with
          [
              T=float
          ]
c:\workspace_gp2\hae_gp2\cour 0\consoleapplication1\consoleapplication1\dynarr.h(65): warning C4018: '<' : incompatibilité signed/unsigned
  c:\workspace_gp2\hae_gp2\cour 0\consoleapplication1\consoleapplication1\dynarr.h(57): note: pendant la compilation de la fonction membre '<Inconnu>' (classe <Inconnu>)
  c:\workspace_gp2\hae_gp2\cour 0\consoleapplication1\consoleapplication1\consoleapplication1.cpp(134): note: voir la référence à l'instanciation de la fonction modèle 'void DynArr<float>::reverse(void)' en cours de compilation
  c:\workspace_gp2\hae_gp2\cour 0\consoleapplication1\consoleapplication1\consoleapplication1.cpp(103): note: voir la référence à l'instanciation de classe modèle 'DynArr<float>' en cours de compilation
c:\workspace_gp2\hae_gp2\cour 0\consoleapplication1\consoleapplication1\dynarr.h(34): warning C4018: '>=' : incompatibilité signed/unsigned
  c:\workspace_gp2\hae_gp2\cour 0\consoleapplication1\consoleapplication1\dynarr.h(32): note: pendant la compilation de la fonction membre '<Inconnu>' (classe <Inconnu>)
  c:\workspace_gp2\hae_gp2\cour 0\consoleapplication1\consoleapplication1\consoleapplication1.cpp(111): note: voir la référence à l'instanciation de la fonction modèle 'void DynArr<float>::set(int,const T &)' en cours de compilation
          with
          [
              T=float
          ]
c:\workspace_gp2\hae_gp2\cour 0\consoleapplication1\consoleapplication1\dynarr.h(27): warning C4018: '>=' : incompatibilité signed/unsigned
  c:\workspace_gp2\hae_gp2\cour 0\consoleapplication1\consoleapplication1\dynarr.h(26): note: pendant la compilation de la fonction membre '<Inconnu>' (classe <Inconnu>)
  c:\workspace_gp2\hae_gp2\cour 0\consoleapplication1\consoleapplication1\consoleapplication1.cpp(124): note: voir la référence à l'instanciation de la fonction modèle 'T &DynArr<T>::get(int)' en cours de compilation
          with
          [
              T=float
          ]
c:\workspace_gp2\hae_gp2\cour 0\consoleapplication1\consoleapplication1\dynarr.h(43): warning C4018: '<' : incompatibilité signed/unsigned
  c:\workspace_gp2\hae_gp2\cour 0\consoleapplication1\consoleapplication1\dynarr.h(42): note: pendant la compilation de la fonction membre '<Inconnu>' (classe <Inconnu>)
  c:\workspace_gp2\hae_gp2\cour 0\consoleapplication1\consoleapplication1\dynarr.h(35): note: voir la référence à l'instanciation de la fonction modèle 'void DynArr<float>::resize(int)' en cours de compilation
  ConsoleApplication1.vcxproj -> C:\workspace_Gp2\hae_gp2\Cour 0\ConsoleApplication1\Debug\ConsoleApplication1.exe
